16/11/2018 09:56:23,233 ERROR BeanDescriptorManager: Error in deployment
java.lang.IllegalStateException: Bean class shippo.global.entities.operation_service.PickupRequestOrder is not enhanced?
	at com.avaje.ebeaninternal.server.deploy.BeanDescriptorManager.setEntityBeanClass(BeanDescriptorManager.java:1417)
	at com.avaje.ebeaninternal.server.deploy.BeanDescriptorManager.createByteCode(BeanDescriptorManager.java:1283)
	at com.avaje.ebeaninternal.server.deploy.BeanDescriptorManager.readDeployAssociations(BeanDescriptorManager.java:1205)
	at com.avaje.ebeaninternal.server.deploy.BeanDescriptorManager.readEntityDeploymentAssociations(BeanDescriptorManager.java:709)
	at com.avaje.ebeaninternal.server.deploy.BeanDescriptorManager.deploy(BeanDescriptorManager.java:319)
	at com.avaje.ebeaninternal.server.core.InternalConfiguration.<init>(InternalConfiguration.java:135)
	at com.avaje.ebeaninternal.server.core.DefaultContainer.createServer(DefaultContainer.java:115)
	at com.avaje.ebeaninternal.server.core.DefaultContainer.createServer(DefaultContainer.java:75)
	at com.avaje.ebeaninternal.server.core.DefaultContainer.createServer(DefaultContainer.java:42)
	at com.avaje.ebean.EbeanServerFactory.create(EbeanServerFactory.java:55)
	at com.avaje.ebean.Ebean$ServerManager.getWithCreate(Ebean.java:207)
	at com.avaje.ebean.Ebean$ServerManager.get(Ebean.java:194)
	at com.avaje.ebean.Ebean$ServerManager.access$200(Ebean.java:130)
	at com.avaje.ebean.Ebean.getServer(Ebean.java:257)
	at shippo.global.PostgressDbConf.getDeliveryDb(PostgressDbConf.java:46)
	at shippo.handler.PickupRequestOrderHandler.<init>(PickupRequestOrderHandler.java:29)
	at shippo.handler.HandlerManager.createHandler(HandlerManager.java:36)
	at shippo.handler.HandlerManager.getHandler(HandlerManager.java:18)
	at shippo.main.RiderBackgroundHandlerApp$1$1.processMsg(RiderBackgroundHandlerApp.java:53)
	at shippo.global.kafka.SingleConsumer.startConsumeMsg(SingleConsumer.java:50)
	at shippo.global.kafka.SingleConsumer.<init>(SingleConsumer.java:38)
	at shippo.main.RiderBackgroundHandlerApp$1$1.<init>(RiderBackgroundHandlerApp.java:40)
	at shippo.main.RiderBackgroundHandlerApp$1.run(RiderBackgroundHandlerApp.java:40)
	at java.util.concurrent.ThreadPoolExecutor.runWorker(ThreadPoolExecutor.java:1149)
	at java.util.concurrent.ThreadPoolExecutor$Worker.run(ThreadPoolExecutor.java:624)
	at java.lang.Thread.run(Thread.java:748)
16/11/2018 09:56:23,249 ERROR SingleConsumer: Consumer get message error {}
java.lang.IllegalStateException: Bean class shippo.global.entities.operation_service.PickupRequestOrder is not enhanced?
	at com.avaje.ebeaninternal.server.deploy.BeanDescriptorManager.setEntityBeanClass(BeanDescriptorManager.java:1417)
	at com.avaje.ebeaninternal.server.deploy.BeanDescriptorManager.createByteCode(BeanDescriptorManager.java:1283)
	at com.avaje.ebeaninternal.server.deploy.BeanDescriptorManager.readDeployAssociations(BeanDescriptorManager.java:1205)
	at com.avaje.ebeaninternal.server.deploy.BeanDescriptorManager.readEntityDeploymentAssociations(BeanDescriptorManager.java:709)
	at com.avaje.ebeaninternal.server.deploy.BeanDescriptorManager.deploy(BeanDescriptorManager.java:319)
	at com.avaje.ebeaninternal.server.core.InternalConfiguration.<init>(InternalConfiguration.java:135)
	at com.avaje.ebeaninternal.server.core.DefaultContainer.createServer(DefaultContainer.java:115)
	at com.avaje.ebeaninternal.server.core.DefaultContainer.createServer(DefaultContainer.java:75)
	at com.avaje.ebeaninternal.server.core.DefaultContainer.createServer(DefaultContainer.java:42)
	at com.avaje.ebean.EbeanServerFactory.create(EbeanServerFactory.java:55)
	at com.avaje.ebean.Ebean$ServerManager.getWithCreate(Ebean.java:207)
	at com.avaje.ebean.Ebean$ServerManager.get(Ebean.java:194)
	at com.avaje.ebean.Ebean$ServerManager.access$200(Ebean.java:130)
	at com.avaje.ebean.Ebean.getServer(Ebean.java:257)
	at shippo.global.PostgressDbConf.getDeliveryDb(PostgressDbConf.java:46)
	at shippo.handler.PickupRequestOrderHandler.<init>(PickupRequestOrderHandler.java:29)
	at shippo.handler.HandlerManager.createHandler(HandlerManager.java:36)
	at shippo.handler.HandlerManager.getHandler(HandlerManager.java:18)
	at shippo.main.RiderBackgroundHandlerApp$1$1.processMsg(RiderBackgroundHandlerApp.java:53)
	at shippo.global.kafka.SingleConsumer.startConsumeMsg(SingleConsumer.java:50)
	at shippo.global.kafka.SingleConsumer.<init>(SingleConsumer.java:38)
	at shippo.main.RiderBackgroundHandlerApp$1$1.<init>(RiderBackgroundHandlerApp.java:40)
	at shippo.main.RiderBackgroundHandlerApp$1.run(RiderBackgroundHandlerApp.java:40)
	at java.util.concurrent.ThreadPoolExecutor.runWorker(ThreadPoolExecutor.java:1149)
	at java.util.concurrent.ThreadPoolExecutor$Worker.run(ThreadPoolExecutor.java:624)
	at java.lang.Thread.run(Thread.java:748)
16/11/2018 14:27:58,328 ERROR ConsumerCoordinator: [Consumer clientId=consumer-1, groupId=rider.service.background.group] Offset commit failed on partition auth_service.public.users-0 at offset 2819: The coordinator is not aware of this member.
16/11/2018 14:27:58,374 ERROR SingleConsumer: Consumer get message error {}
org.apache.kafka.clients.consumer.CommitFailedException: Commit cannot be completed since the group has already rebalanced and assigned the partitions to another member. This means that the time between subsequent calls to poll() was longer than the configured max.poll.interval.ms, which typically implies that the poll loop is spending too much time message processing. You can address this either by increasing the session timeout or by reducing the maximum size of batches returned in poll() with max.poll.records.
	at org.apache.kafka.clients.consumer.internals.ConsumerCoordinator$OffsetCommitResponseHandler.handle(ConsumerCoordinator.java:787)
	at org.apache.kafka.clients.consumer.internals.ConsumerCoordinator$OffsetCommitResponseHandler.handle(ConsumerCoordinator.java:735)
	at org.apache.kafka.clients.consumer.internals.AbstractCoordinator$CoordinatorResponseHandler.onSuccess(AbstractCoordinator.java:814)
	at org.apache.kafka.clients.consumer.internals.AbstractCoordinator$CoordinatorResponseHandler.onSuccess(AbstractCoordinator.java:794)
	at org.apache.kafka.clients.consumer.internals.RequestFuture$1.onSuccess(RequestFuture.java:204)
	at org.apache.kafka.clients.consumer.internals.RequestFuture.fireSuccess(RequestFuture.java:167)
	at org.apache.kafka.clients.consumer.internals.RequestFuture.complete(RequestFuture.java:127)
	at org.apache.kafka.clients.consumer.internals.ConsumerNetworkClient$RequestFutureCompletionHandler.fireCompletion(ConsumerNetworkClient.java:507)
	at org.apache.kafka.clients.consumer.internals.ConsumerNetworkClient.firePendingCompletedRequests(ConsumerNetworkClient.java:353)
	at org.apache.kafka.clients.consumer.internals.ConsumerNetworkClient.poll(ConsumerNetworkClient.java:268)
	at org.apache.kafka.clients.consumer.internals.ConsumerNetworkClient.poll(ConsumerNetworkClient.java:214)
	at org.apache.kafka.clients.consumer.internals.ConsumerNetworkClient.poll(ConsumerNetworkClient.java:190)
	at org.apache.kafka.clients.consumer.internals.ConsumerCoordinator.commitOffsetsSync(ConsumerCoordinator.java:601)
	at org.apache.kafka.clients.consumer.KafkaConsumer.commitSync(KafkaConsumer.java:1211)
	at shippo.global.kafka.SingleConsumer.startConsumeMsg(SingleConsumer.java:51)
	at shippo.global.kafka.SingleConsumer.<init>(SingleConsumer.java:38)
	at shippo.main.RiderBackgroundHandlerApp$1$1.<init>(RiderBackgroundHandlerApp.java:40)
	at shippo.main.RiderBackgroundHandlerApp$1.run(RiderBackgroundHandlerApp.java:40)
	at java.util.concurrent.ThreadPoolExecutor.runWorker(ThreadPoolExecutor.java:1149)
	at java.util.concurrent.ThreadPoolExecutor$Worker.run(ThreadPoolExecutor.java:624)
	at java.lang.Thread.run(Thread.java:748)
16/11/2018 14:49:52,888 ERROR ConsumerCoordinator: [Consumer clientId=consumer-1, groupId=rider.service.background.group] Offset commit failed on partition auth_service.public.users-0 at offset 2822: The coordinator is not aware of this member.
16/11/2018 14:49:52,892 ERROR SingleConsumer: Consumer get message error {}
org.apache.kafka.clients.consumer.CommitFailedException: Commit cannot be completed since the group has already rebalanced and assigned the partitions to another member. This means that the time between subsequent calls to poll() was longer than the configured max.poll.interval.ms, which typically implies that the poll loop is spending too much time message processing. You can address this either by increasing the session timeout or by reducing the maximum size of batches returned in poll() with max.poll.records.
	at org.apache.kafka.clients.consumer.internals.ConsumerCoordinator$OffsetCommitResponseHandler.handle(ConsumerCoordinator.java:787)
	at org.apache.kafka.clients.consumer.internals.ConsumerCoordinator$OffsetCommitResponseHandler.handle(ConsumerCoordinator.java:735)
	at org.apache.kafka.clients.consumer.internals.AbstractCoordinator$CoordinatorResponseHandler.onSuccess(AbstractCoordinator.java:814)
	at org.apache.kafka.clients.consumer.internals.AbstractCoordinator$CoordinatorResponseHandler.onSuccess(AbstractCoordinator.java:794)
	at org.apache.kafka.clients.consumer.internals.RequestFuture$1.onSuccess(RequestFuture.java:204)
	at org.apache.kafka.clients.consumer.internals.RequestFuture.fireSuccess(RequestFuture.java:167)
	at org.apache.kafka.clients.consumer.internals.RequestFuture.complete(RequestFuture.java:127)
	at org.apache.kafka.clients.consumer.internals.ConsumerNetworkClient$RequestFutureCompletionHandler.fireCompletion(ConsumerNetworkClient.java:507)
	at org.apache.kafka.clients.consumer.internals.ConsumerNetworkClient.firePendingCompletedRequests(ConsumerNetworkClient.java:353)
	at org.apache.kafka.clients.consumer.internals.ConsumerNetworkClient.poll(ConsumerNetworkClient.java:268)
	at org.apache.kafka.clients.consumer.internals.ConsumerNetworkClient.poll(ConsumerNetworkClient.java:214)
	at org.apache.kafka.clients.consumer.internals.ConsumerNetworkClient.poll(ConsumerNetworkClient.java:190)
	at org.apache.kafka.clients.consumer.internals.ConsumerCoordinator.commitOffsetsSync(ConsumerCoordinator.java:601)
	at org.apache.kafka.clients.consumer.KafkaConsumer.commitSync(KafkaConsumer.java:1211)
	at shippo.global.kafka.SingleConsumer.startConsumeMsg(SingleConsumer.java:51)
	at shippo.global.kafka.SingleConsumer.<init>(SingleConsumer.java:38)
	at shippo.main.RiderBackgroundHandlerApp$1$1.<init>(RiderBackgroundHandlerApp.java:40)
	at shippo.main.RiderBackgroundHandlerApp$1.run(RiderBackgroundHandlerApp.java:40)
	at java.util.concurrent.ThreadPoolExecutor.runWorker(ThreadPoolExecutor.java:1149)
	at java.util.concurrent.ThreadPoolExecutor$Worker.run(ThreadPoolExecutor.java:624)
	at java.lang.Thread.run(Thread.java:748)
16/11/2018 14:53:25,603 ERROR BeanDescriptorManager: Error in deployment
java.lang.IllegalStateException: Bean class shippo.global.entities.rider_service.TransportationTask is not enhanced?
	at com.avaje.ebeaninternal.server.deploy.BeanDescriptorManager.setEntityBeanClass(BeanDescriptorManager.java:1417)
	at com.avaje.ebeaninternal.server.deploy.BeanDescriptorManager.createByteCode(BeanDescriptorManager.java:1283)
	at com.avaje.ebeaninternal.server.deploy.BeanDescriptorManager.readDeployAssociations(BeanDescriptorManager.java:1205)
	at com.avaje.ebeaninternal.server.deploy.BeanDescriptorManager.readEntityDeploymentAssociations(BeanDescriptorManager.java:709)
	at com.avaje.ebeaninternal.server.deploy.BeanDescriptorManager.deploy(BeanDescriptorManager.java:319)
	at com.avaje.ebeaninternal.server.core.InternalConfiguration.<init>(InternalConfiguration.java:135)
	at com.avaje.ebeaninternal.server.core.DefaultContainer.createServer(DefaultContainer.java:115)
	at com.avaje.ebeaninternal.server.core.DefaultContainer.createServer(DefaultContainer.java:75)
	at com.avaje.ebeaninternal.server.core.DefaultContainer.createServer(DefaultContainer.java:42)
	at com.avaje.ebean.EbeanServerFactory.create(EbeanServerFactory.java:55)
	at com.avaje.ebean.Ebean$ServerManager.getWithCreate(Ebean.java:207)
	at com.avaje.ebean.Ebean$ServerManager.get(Ebean.java:194)
	at com.avaje.ebean.Ebean$ServerManager.access$200(Ebean.java:130)
	at com.avaje.ebean.Ebean.getServer(Ebean.java:257)
	at shippo.global.PostgressDbConf.getDeliveryDb(PostgressDbConf.java:46)
	at shippo.handler.TransportationTaskHandler.<init>(TransportationTaskHandler.java:19)
	at shippo.handler.HandlerManager.createHandler(HandlerManager.java:26)
	at shippo.handler.HandlerManager.getHandler(HandlerManager.java:18)
	at shippo.main.RiderBackgroundHandlerApp$1$1.processMsg(RiderBackgroundHandlerApp.java:53)
	at shippo.global.kafka.SingleConsumer.startConsumeMsg(SingleConsumer.java:50)
	at shippo.global.kafka.SingleConsumer.<init>(SingleConsumer.java:38)
	at shippo.main.RiderBackgroundHandlerApp$1$1.<init>(RiderBackgroundHandlerApp.java:40)
	at shippo.main.RiderBackgroundHandlerApp$1.run(RiderBackgroundHandlerApp.java:40)
	at java.util.concurrent.ThreadPoolExecutor.runWorker(ThreadPoolExecutor.java:1149)
	at java.util.concurrent.ThreadPoolExecutor$Worker.run(ThreadPoolExecutor.java:624)
	at java.lang.Thread.run(Thread.java:748)
16/11/2018 14:53:25,607 ERROR SingleConsumer: Consumer get message error {}
java.lang.IllegalStateException: Bean class shippo.global.entities.rider_service.TransportationTask is not enhanced?
	at com.avaje.ebeaninternal.server.deploy.BeanDescriptorManager.setEntityBeanClass(BeanDescriptorManager.java:1417)
	at com.avaje.ebeaninternal.server.deploy.BeanDescriptorManager.createByteCode(BeanDescriptorManager.java:1283)
	at com.avaje.ebeaninternal.server.deploy.BeanDescriptorManager.readDeployAssociations(BeanDescriptorManager.java:1205)
	at com.avaje.ebeaninternal.server.deploy.BeanDescriptorManager.readEntityDeploymentAssociations(BeanDescriptorManager.java:709)
	at com.avaje.ebeaninternal.server.deploy.BeanDescriptorManager.deploy(BeanDescriptorManager.java:319)
	at com.avaje.ebeaninternal.server.core.InternalConfiguration.<init>(InternalConfiguration.java:135)
	at com.avaje.ebeaninternal.server.core.DefaultContainer.createServer(DefaultContainer.java:115)
	at com.avaje.ebeaninternal.server.core.DefaultContainer.createServer(DefaultContainer.java:75)
	at com.avaje.ebeaninternal.server.core.DefaultContainer.createServer(DefaultContainer.java:42)
	at com.avaje.ebean.EbeanServerFactory.create(EbeanServerFactory.java:55)
	at com.avaje.ebean.Ebean$ServerManager.getWithCreate(Ebean.java:207)
	at com.avaje.ebean.Ebean$ServerManager.get(Ebean.java:194)
	at com.avaje.ebean.Ebean$ServerManager.access$200(Ebean.java:130)
	at com.avaje.ebean.Ebean.getServer(Ebean.java:257)
	at shippo.global.PostgressDbConf.getDeliveryDb(PostgressDbConf.java:46)
	at shippo.handler.TransportationTaskHandler.<init>(TransportationTaskHandler.java:19)
	at shippo.handler.HandlerManager.createHandler(HandlerManager.java:26)
	at shippo.handler.HandlerManager.getHandler(HandlerManager.java:18)
	at shippo.main.RiderBackgroundHandlerApp$1$1.processMsg(RiderBackgroundHandlerApp.java:53)
	at shippo.global.kafka.SingleConsumer.startConsumeMsg(SingleConsumer.java:50)
	at shippo.global.kafka.SingleConsumer.<init>(SingleConsumer.java:38)
	at shippo.main.RiderBackgroundHandlerApp$1$1.<init>(RiderBackgroundHandlerApp.java:40)
	at shippo.main.RiderBackgroundHandlerApp$1.run(RiderBackgroundHandlerApp.java:40)
	at java.util.concurrent.ThreadPoolExecutor.runWorker(ThreadPoolExecutor.java:1149)
	at java.util.concurrent.ThreadPoolExecutor$Worker.run(ThreadPoolExecutor.java:624)
	at java.lang.Thread.run(Thread.java:748)
16/11/2018 15:01:22,289 ERROR ConsumerCoordinator: [Consumer clientId=consumer-1, groupId=rider.service.background.group] Offset commit failed on partition auth_service.public.users-0 at offset 2822: The coordinator is not aware of this member.
16/11/2018 15:01:22,293 ERROR SingleConsumer: Consumer get message error {}
org.apache.kafka.clients.consumer.CommitFailedException: Commit cannot be completed since the group has already rebalanced and assigned the partitions to another member. This means that the time between subsequent calls to poll() was longer than the configured max.poll.interval.ms, which typically implies that the poll loop is spending too much time message processing. You can address this either by increasing the session timeout or by reducing the maximum size of batches returned in poll() with max.poll.records.
	at org.apache.kafka.clients.consumer.internals.ConsumerCoordinator$OffsetCommitResponseHandler.handle(ConsumerCoordinator.java:787)
	at org.apache.kafka.clients.consumer.internals.ConsumerCoordinator$OffsetCommitResponseHandler.handle(ConsumerCoordinator.java:735)
	at org.apache.kafka.clients.consumer.internals.AbstractCoordinator$CoordinatorResponseHandler.onSuccess(AbstractCoordinator.java:814)
	at org.apache.kafka.clients.consumer.internals.AbstractCoordinator$CoordinatorResponseHandler.onSuccess(AbstractCoordinator.java:794)
	at org.apache.kafka.clients.consumer.internals.RequestFuture$1.onSuccess(RequestFuture.java:204)
	at org.apache.kafka.clients.consumer.internals.RequestFuture.fireSuccess(RequestFuture.java:167)
	at org.apache.kafka.clients.consumer.internals.RequestFuture.complete(RequestFuture.java:127)
	at org.apache.kafka.clients.consumer.internals.ConsumerNetworkClient$RequestFutureCompletionHandler.fireCompletion(ConsumerNetworkClient.java:507)
	at org.apache.kafka.clients.consumer.internals.ConsumerNetworkClient.firePendingCompletedRequests(ConsumerNetworkClient.java:353)
	at org.apache.kafka.clients.consumer.internals.ConsumerNetworkClient.poll(ConsumerNetworkClient.java:268)
	at org.apache.kafka.clients.consumer.internals.ConsumerNetworkClient.poll(ConsumerNetworkClient.java:214)
	at org.apache.kafka.clients.consumer.internals.ConsumerNetworkClient.poll(ConsumerNetworkClient.java:190)
	at org.apache.kafka.clients.consumer.internals.ConsumerCoordinator.commitOffsetsSync(ConsumerCoordinator.java:601)
	at org.apache.kafka.clients.consumer.KafkaConsumer.commitSync(KafkaConsumer.java:1211)
	at shippo.global.kafka.SingleConsumer.startConsumeMsg(SingleConsumer.java:51)
	at shippo.global.kafka.SingleConsumer.<init>(SingleConsumer.java:38)
	at shippo.main.RiderBackgroundHandlerApp$1$1.<init>(RiderBackgroundHandlerApp.java:40)
	at shippo.main.RiderBackgroundHandlerApp$1.run(RiderBackgroundHandlerApp.java:40)
	at java.util.concurrent.ThreadPoolExecutor.runWorker(ThreadPoolExecutor.java:1149)
	at java.util.concurrent.ThreadPoolExecutor$Worker.run(ThreadPoolExecutor.java:624)
	at java.lang.Thread.run(Thread.java:748)
16/11/2018 17:42:30,958 ERROR SingleConsumer: Consumer get message error {}
java.lang.RuntimeException: Error registering class [shippo.global.entities.delivery_service.RiderShift] from [shippo.global.entities.rider_service.TransportationTask,shippo.global.entities.rider_service.Rider,shippo.global.entities.operation_service.PickupRequestOrder,shippo.global.entities.delivery_service.DeliveryOrder,shippo.global.entities.delivery_service.RiderShift,shippo.global.entities.delivery_service.RiderShiftComment,]
	at com.avaje.ebean.config.ServerConfig.getClasses(ServerConfig.java:2436)
	at com.avaje.ebean.config.ServerConfig.loadSettings(ServerConfig.java:2404)
	at com.avaje.ebean.config.ServerConfig.loadFromProperties(ServerConfig.java:2217)
	at com.avaje.ebeaninternal.server.core.DefaultContainer.createServer(DefaultContainer.java:73)
	at com.avaje.ebeaninternal.server.core.DefaultContainer.createServer(DefaultContainer.java:42)
	at com.avaje.ebean.EbeanServerFactory.create(EbeanServerFactory.java:55)
	at com.avaje.ebean.Ebean$ServerManager.getWithCreate(Ebean.java:207)
	at com.avaje.ebean.Ebean$ServerManager.get(Ebean.java:194)
	at com.avaje.ebean.Ebean$ServerManager.access$200(Ebean.java:130)
	at com.avaje.ebean.Ebean.getServer(Ebean.java:257)
	at shippo.global.PostgressDbConf.getDeliveryDb(PostgressDbConf.java:46)
	at shippo.handler.TransportationTaskHandler.<init>(TransportationTaskHandler.java:19)
	at shippo.handler.HandlerManager.createHandler(HandlerManager.java:26)
	at shippo.handler.HandlerManager.getHandler(HandlerManager.java:18)
	at shippo.main.RiderBackgroundHandlerApp$1$1.processMsg(RiderBackgroundHandlerApp.java:53)
	at shippo.global.kafka.SingleConsumer.startConsumeMsg(SingleConsumer.java:50)
	at shippo.global.kafka.SingleConsumer.<init>(SingleConsumer.java:38)
	at shippo.main.RiderBackgroundHandlerApp$1$1.<init>(RiderBackgroundHandlerApp.java:40)
	at shippo.main.RiderBackgroundHandlerApp$1.run(RiderBackgroundHandlerApp.java:40)
	at java.util.concurrent.ThreadPoolExecutor.runWorker(ThreadPoolExecutor.java:1149)
	at java.util.concurrent.ThreadPoolExecutor$Worker.run(ThreadPoolExecutor.java:624)
	at java.lang.Thread.run(Thread.java:748)
Caused by: java.lang.ClassNotFoundException: shippo.global.entities.delivery_service.RiderShift
	at java.net.URLClassLoader.findClass(URLClassLoader.java:382)
	at java.lang.ClassLoader.loadClass(ClassLoader.java:424)
	at sun.misc.Launcher$AppClassLoader.loadClass(Launcher.java:349)
	at java.lang.ClassLoader.loadClass(ClassLoader.java:357)
	at java.lang.Class.forName0(Native Method)
	at java.lang.Class.forName(Class.java:264)
	at com.avaje.ebean.config.ServerConfig.getClasses(ServerConfig.java:2433)
	... 21 more
16/11/2018 17:44:47,181 ERROR SingleConsumer: Consumer get message error {}
java.lang.RuntimeException: Error registering class [shippo.global.entities.delivery_service.RiderShift] from [shippo.global.entities.rider_service.TransportationTask,shippo.global.entities.rider_service.Rider,shippo.global.entities.operation_service.PickupRequestOrder,shippo.global.entities.delivery_service.DeliveryOrder,shippo.global.entities.delivery_service.RiderShift,shippo.global.entities.delivery_service.RiderShiftComment,]
	at com.avaje.ebean.config.ServerConfig.getClasses(ServerConfig.java:2436)
	at com.avaje.ebean.config.ServerConfig.loadSettings(ServerConfig.java:2404)
	at com.avaje.ebean.config.ServerConfig.loadFromProperties(ServerConfig.java:2217)
	at com.avaje.ebeaninternal.server.core.DefaultContainer.createServer(DefaultContainer.java:73)
	at com.avaje.ebeaninternal.server.core.DefaultContainer.createServer(DefaultContainer.java:42)
	at com.avaje.ebean.EbeanServerFactory.create(EbeanServerFactory.java:55)
	at com.avaje.ebean.Ebean$ServerManager.getWithCreate(Ebean.java:207)
	at com.avaje.ebean.Ebean$ServerManager.get(Ebean.java:194)
	at com.avaje.ebean.Ebean$ServerManager.access$200(Ebean.java:130)
	at com.avaje.ebean.Ebean.getServer(Ebean.java:257)
	at shippo.global.PostgressDbConf.getDeliveryDb(PostgressDbConf.java:46)
	at shippo.handler.TransportationTaskInProcessHandler.<init>(TransportationTaskInProcessHandler.java:21)
	at shippo.handler.ProtobufEventHandlerManager.createHandler(ProtobufEventHandlerManager.java:31)
	at shippo.handler.ProtobufEventHandlerManager.getHandler(ProtobufEventHandlerManager.java:18)
	at shippo.main.RiderBackgroundHandlerApp$1$1.processMsg(RiderBackgroundHandlerApp.java:56)
	at shippo.global.kafka.SingleConsumer.startConsumeMsg(SingleConsumer.java:50)
	at shippo.global.kafka.SingleConsumer.<init>(SingleConsumer.java:38)
	at shippo.main.RiderBackgroundHandlerApp$1$1.<init>(RiderBackgroundHandlerApp.java:40)
	at shippo.main.RiderBackgroundHandlerApp$1.run(RiderBackgroundHandlerApp.java:40)
	at java.util.concurrent.ThreadPoolExecutor.runWorker(ThreadPoolExecutor.java:1149)
	at java.util.concurrent.ThreadPoolExecutor$Worker.run(ThreadPoolExecutor.java:624)
	at java.lang.Thread.run(Thread.java:748)
Caused by: java.lang.ClassNotFoundException: shippo.global.entities.delivery_service.RiderShift
	at java.net.URLClassLoader.findClass(URLClassLoader.java:382)
	at java.lang.ClassLoader.loadClass(ClassLoader.java:424)
	at sun.misc.Launcher$AppClassLoader.loadClass(Launcher.java:349)
	at java.lang.ClassLoader.loadClass(ClassLoader.java:357)
	at java.lang.Class.forName0(Native Method)
	at java.lang.Class.forName(Class.java:264)
	at com.avaje.ebean.config.ServerConfig.getClasses(ServerConfig.java:2433)
	... 21 more
